2025-03-30 22:39:26 [INFO ] ###################################
2025-03-30 22:39:26 [INFO ] ***********************************
2025-03-30 22:39:26 [INFO ] flavor_model : DetectSleepNet_tiny
2025-03-30 22:39:26 [INFO ] Using device: cuda
2025-03-30 22:39:26 [INFO ] Number of parameter: 49.24K
2025-03-30 22:39:26 [INFO ] *******    dataset info    ********
2025-03-30 22:39:26 [INFO ] Dataset name : shhs1
2025-03-30 22:39:26 [INFO ] Train data idx : [1891 1550 1049 ... 4730 1987 5132]
2025-03-30 22:39:26 [INFO ] Valid data idx : [ 344 4833  986 ... 3568 2352 2212]
2025-03-30 22:39:26 [INFO ] Test data idx : [3275 2020 5756 ... 5226 5390  860]
2025-03-30 22:42:24 [INFO ] ***********************************
2025-03-30 22:42:24 [INFO ] Number of parameter: 49.24K
2025-03-30 22:42:24 [INFO ] flavor_model : DetectSleepNet_tiny
2025-03-30 22:42:24 [INFO ] avg_test_acc : 87.432
2025-03-30 22:42:24 [INFO ] avg_test_f1_weight : 0.871
2025-03-30 22:42:24 [INFO ] avg_test_f1_macro : 0.79
2025-03-30 22:42:24 [INFO ] avg_test_kappa : 0.822
2025-03-30 22:42:24 [INFO ] avg_test_f1_classes : [0.92 0.43 0.88 0.84 0.88]
2025-03-30 22:42:24 [INFO ] ***********************************
2025-03-30 22:42:24 [INFO ] ###################################
2025-03-30 22:42:24 [INFO ]   
