2025-03-30 22:32:05 [INFO ] ###################################
2025-03-30 22:32:05 [INFO ] ***********************************
2025-03-30 22:32:05 [INFO ] flavor_model : DetectSleepNet
2025-03-30 22:32:05 [INFO ] Using device: cuda
2025-03-30 22:32:05 [INFO ] Number of parameter: 434.42K
2025-03-30 22:32:05 [INFO ] *******    dataset info    ********
2025-03-30 22:32:05 [INFO ] Dataset name : shhs1
2025-03-30 22:32:05 [INFO ] Train data idx : [1891 1550 1049 ... 4730 1987 5132]
2025-03-30 22:32:05 [INFO ] Valid data idx : [ 344 4833  986 ... 3568 2352 2212]
2025-03-30 22:32:05 [INFO ] Test data idx : [3275 2020 5756 ... 5226 5390  860]
2025-03-30 22:39:26 [INFO ] ***********************************
2025-03-30 22:39:26 [INFO ] Number of parameter: 434.42K
2025-03-30 22:39:26 [INFO ] flavor_model : DetectSleepNet
2025-03-30 22:39:26 [INFO ] avg_test_acc : 88.136
2025-03-30 22:39:26 [INFO ] avg_test_f1_weight : 0.879
2025-03-30 22:39:26 [INFO ] avg_test_f1_macro : 0.808
2025-03-30 22:39:26 [INFO ] avg_test_kappa : 0.833
2025-03-30 22:39:26 [INFO ] avg_test_f1_classes : [0.93 0.49 0.89 0.85 0.89]
2025-03-30 22:39:26 [INFO ] ***********************************
2025-03-30 22:39:26 [INFO ] ###################################
2025-03-30 22:39:26 [INFO ]   
